<?xml version="1.0" encoding="UTF-8"?>
<!-- Generated by org.testng.reporters.JUnitReportReporter -->
<testsuite hostname="LAPTOP-GUMEIHHB" failures="0" tests="1" name="testingDemo.ExtentReports.reportsDemo" time="5.443" errors="0" timestamp="2023-08-06T16:06:56 IST" skipped="0">
  <testcase classname="testingDemo.ExtentReports.reportsDemo" name="initializeBrowser" time="5.443"/>
</testsuite> <!-- testingDemo.ExtentReports.reportsDemo -->
